
  .   ____          _            __ _ _
 /\\ / ___'_ __ _ _(_)_ __  __ _ \ \ \ \
( ( )\___ | '_ | '_| | '_ \/ _` | \ \ \ \
 \\/  ___)| |_)| | | | | || (_| |  ) ) ) )
  '  |____| .__|_| |_|_| |_\__, | / / / /
 =========|_|==============|___/=/_/_/_/
 :: Spring Boot ::                (v3.2.1)

2025-12-27T10:51:33.057Z  INFO 24668 --- [ega-bank] [           main] com.ega.egabank.EgaBankApplication       : Starting EgaBankApplication using Java 21.0.9 with PID 24668 (C:\TP_JEE_GLSI_B_Bogue_Komla_Armel_2026\backend\ega-bank\target\ega-bank-0.0.1-SNAPSHOT.jar started by komla in C:\TP_JEE_GLSI_B_Bogue_Komla_Armel_2026\backend\ega-bank)
2025-12-27T10:51:33.061Z DEBUG 24668 --- [ega-bank] [           main] com.ega.egabank.EgaBankApplication       : Running with Spring Boot v3.2.1, Spring v6.1.2
2025-12-27T10:51:33.063Z  INFO 24668 --- [ega-bank] [           main] com.ega.egabank.EgaBankApplication       : No active profile set, falling back to 1 default profile: "default"
2025-12-27T10:51:35.637Z  INFO 24668 --- [ega-bank] [           main] .s.d.r.c.RepositoryConfigurationDelegate : Bootstrapping Spring Data JPA repositories in DEFAULT mode.
2025-12-27T10:51:35.847Z  INFO 24668 --- [ega-bank] [           main] .s.d.r.c.RepositoryConfigurationDelegate : Finished Spring Data repository scanning in 193 ms. Found 4 JPA repository interfaces.
2025-12-27T10:51:37.474Z  INFO 24668 --- [ega-bank] [           main] o.s.b.w.embedded.tomcat.TomcatWebServer  : Tomcat initialized with port 8080 (http)
2025-12-27T10:51:37.502Z  INFO 24668 --- [ega-bank] [           main] o.apache.catalina.core.StandardService   : Starting service [Tomcat]
2025-12-27T10:51:37.503Z  INFO 24668 --- [ega-bank] [           main] o.apache.catalina.core.StandardEngine    : Starting Servlet engine: [Apache Tomcat/10.1.17]
2025-12-27T10:51:37.582Z  INFO 24668 --- [ega-bank] [           main] o.a.c.c.C.[Tomcat].[localhost].[/]       : Initializing Spring embedded WebApplicationContext
2025-12-27T10:51:37.585Z  INFO 24668 --- [ega-bank] [           main] w.s.c.ServletWebServerApplicationContext : Root WebApplicationContext: initialization completed in 4347 ms
2025-12-27T10:51:37.941Z  INFO 24668 --- [ega-bank] [           main] o.hibernate.jpa.internal.util.LogHelper  : HHH000204: Processing PersistenceUnitInfo [name: default]
2025-12-27T10:51:38.058Z  INFO 24668 --- [ega-bank] [           main] org.hibernate.Version                    : HHH000412: Hibernate ORM core version 6.4.1.Final
2025-12-27T10:51:38.148Z  INFO 24668 --- [ega-bank] [           main] o.h.c.internal.RegionFactoryInitiator    : HHH000026: Second-level cache disabled
2025-12-27T10:51:38.713Z  INFO 24668 --- [ega-bank] [           main] o.s.o.j.p.SpringPersistenceUnitInfo      : No LoadTimeWeaver setup: ignoring JPA class transformer
2025-12-27T10:51:38.775Z  INFO 24668 --- [ega-bank] [           main] com.zaxxer.hikari.HikariDataSource       : HikariPool-1 - Starting...
2025-12-27T10:51:39.267Z  INFO 24668 --- [ega-bank] [           main] com.zaxxer.hikari.pool.HikariPool        : HikariPool-1 - Added connection org.postgresql.jdbc.PgConnection@5fde1d64
2025-12-27T10:51:39.271Z  INFO 24668 --- [ega-bank] [           main] com.zaxxer.hikari.HikariDataSource       : HikariPool-1 - Start completed.
2025-12-27T10:51:39.341Z  WARN 24668 --- [ega-bank] [           main] org.hibernate.orm.deprecation            : HHH90000025: PostgreSQLDialect does not need to be specified explicitly using 'hibernate.dialect' (remove the property setting and it will be selected by default)
2025-12-27T10:51:41.775Z  INFO 24668 --- [ega-bank] [           main] o.h.e.t.j.p.i.JtaPlatformInitiator       : HHH000489: No JTA platform available (set 'hibernate.transaction.jta.platform' to enable JTA platform integration)
2025-12-27T10:51:42.069Z  INFO 24668 --- [ega-bank] [           main] j.LocalContainerEntityManagerFactoryBean : Initialized JPA EntityManagerFactory for persistence unit 'default'
2025-12-27T10:51:42.960Z DEBUG 24668 --- [ega-bank] [           main] c.e.e.security.JwtAuthenticationFilter   : Filter 'jwtAuthenticationFilter' configured for use
2025-12-27T10:51:43.136Z  INFO 24668 --- [ega-bank] [           main] o.s.d.j.r.query.QueryEnhancerFactory     : Hibernate is in classpath; If applicable, HQL parser will be used.
2025-12-27T10:51:45.567Z  INFO 24668 --- [ega-bank] [           main] o.s.s.web.DefaultSecurityFilterChain     : Will secure any request with [org.springframework.security.web.session.DisableEncodeUrlFilter@67710b92, org.springframework.security.web.context.request.async.WebAsyncManagerIntegrationFilter@56e32a23, org.springframework.security.web.context.SecurityContextHolderFilter@43dc6864, org.springframework.security.web.header.HeaderWriterFilter@757b8c47, org.springframework.web.filter.CorsFilter@11caa21d, org.springframework.security.web.authentication.logout.LogoutFilter@3128be29, com.ega.egabank.security.JwtAuthenticationFilter@4abb4041, org.springframework.security.web.savedrequest.RequestCacheAwareFilter@3698f2ed, org.springframework.security.web.servletapi.SecurityContextHolderAwareRequestFilter@9eaaecf, org.springframework.security.web.authentication.AnonymousAuthenticationFilter@1b0db8b1, org.springframework.security.web.session.SessionManagementFilter@154f5d37, org.springframework.security.web.access.ExceptionTranslationFilter@1b717d03, org.springframework.security.web.access.intercept.AuthorizationFilter@3d118651]
2025-12-27T10:51:46.234Z  INFO 24668 --- [ega-bank] [           main] o.s.b.w.embedded.tomcat.TomcatWebServer  : Tomcat started on port 8080 (http) with context path ''
2025-12-27T10:51:46.253Z  INFO 24668 --- [ega-bank] [           main] com.ega.egabank.EgaBankApplication       : Started EgaBankApplication in 14.166 seconds (process running for 15.414)
2025-12-27T10:51:46.743Z  INFO 24668 --- [ega-bank] [ionShutdownHook] j.LocalContainerEntityManagerFactoryBean : Closing JPA EntityManagerFactory for persistence unit 'default'
2025-12-27T10:51:46.752Z  INFO 24668 --- [ega-bank] [ionShutdownHook] com.zaxxer.hikari.HikariDataSource       : HikariPool-1 - Shutdown initiated...
2025-12-27T10:51:46.770Z  INFO 24668 --- [ega-bank] [ionShutdownHook] com.zaxxer.hikari.HikariDataSource       : HikariPool-1 - Shutdown completed.
